1>errors in directory c:\tiny\hellosys
1>c:\winddk\7600.16385.1\inc\api\winbase.h(318) : error C2146: syntax error : missing ';' before identifier 'CRITICAL_SECTION'
1>c:\winddk\7600.16385.1\inc\api\winbase.h(319) : error C2146: syntax error : missing ';' before identifier 'PCRITICAL_SECTION'
1>c:\winddk\7600.16385.1\inc\api\winbase.h(322) : error C2146: syntax error : missing ';' before identifier 'CRITICAL_SECTION_DEBUG'
1>c:\winddk\7600.16385.1\inc\api\winbase.h(323) : error C2146: syntax error : missing ';' before identifier 'PCRITICAL_SECTION_DEBUG'
1>c:\winddk\7600.16385.1\inc\api\winbase.h(410) : error C2146: syntax error : missing ';' before identifier 'SRWLOCK'
1>c:\winddk\7600.16385.1\inc\api\winbase.h(419) : error C2146: syntax error : missing ')' before identifier 'SRWLock'
1>c:\winddk\7600.16385.1\inc\api\winbase.h(419) : error C2182: 'InitializeSRWLock' : illegal use of type 'void'
1>c:\winddk\7600.16385.1\inc\api\winbase.h(419) : error C2491: 'InitializeSRWLock' : definition of dllimport data not allowed
1>c:\winddk\7600.16385.1\inc\api\winbase.h(419) : error C2440: 'initializing' : cannot convert from 'int *' to 'int'
1>c:\winddk\7600.16385.1\inc\api\winbase.h(419) : error C2059: syntax error : ')'
1>c:\winddk\7600.16385.1\inc\api\winbase.h(426) : error C2146: syntax error : missing ')' before identifier 'SRWLock'
1>c:\winddk\7600.16385.1\inc\api\winbase.h(426) : error C2182: 'ReleaseSRWLockExclusive' : illegal use of type 'void'
1>c:\winddk\7600.16385.1\inc\api\winbase.h(426) : error C2491: 'ReleaseSRWLockExclusive' : definition of dllimport data not allowed
1>c:\winddk\7600.16385.1\inc\api\winbase.h(426) : error C2440: 'initializing' : cannot convert from 'int *' to 'int'
1>c:\winddk\7600.16385.1\inc\api\winbase.h(426) : error C2059: syntax error : ')'
1>c:\winddk\7600.16385.1\inc\api\winbase.h(433) : error C2146: syntax error : missing ')' before identifier 'SRWLock'
1>c:\winddk\7600.16385.1\inc\api\winbase.h(433) : error C2182: 'ReleaseSRWLockShared' : illegal use of type 'void'
1>c:\winddk\7600.16385.1\inc\api\winbase.h(433) : error C2491: 'ReleaseSRWLockShared' : definition of dllimport data not allowed
1>c:\winddk\7600.16385.1\inc\api\winbase.h(433) : error C2440: 'initializing' : cannot convert from 'int *' to 'int'
1>c:\winddk\7600.16385.1\inc\api\winbase.h(433) : error C2059: syntax error : ')'
1>c:\winddk\7600.16385.1\inc\api\winbase.h(440) : error C2146: syntax error : missing ')' before identifier 'SRWLock'
1>c:\winddk\7600.16385.1\inc\api\winbase.h(440) : error C2182: 'AcquireSRWLockExclusive' : illegal use of type 'void'
1>c:\winddk\7600.16385.1\inc\api\winbase.h(440) : error C2491: 'AcquireSRWLockExclusive' : definition of dllimport data not allowed
1>c:\winddk\7600.16385.1\inc\api\winbase.h(440) : error C2440: 'initializing' : cannot convert from 'int *' to 'int'
1>c:\winddk\7600.16385.1\inc\api\winbase.h(440) : error C2059: syntax error : ')'
1>c:\winddk\7600.16385.1\inc\api\winbase.h(447) : error C2146: syntax error : missing ')' before identifier 'SRWLock'
1>c:\winddk\7600.16385.1\inc\api\winbase.h(447) : error C2182: 'AcquireSRWLockShared' : illegal use of type 'void'
1>c:\winddk\7600.16385.1\inc\api\winbase.h(447) : error C2491: 'AcquireSRWLockShared' : definition of dllimport data not allowed
1>c:\winddk\7600.16385.1\inc\api\winbase.h(447) : error C2440: 'initializing' : cannot convert from 'int *' to 'int'
1>c:\winddk\7600.16385.1\inc\api\winbase.h(447) : error C2059: syntax error : ')'
1>c:\winddk\7600.16385.1\inc\api\winbase.h(454) : error C2146: syntax error : missing ')' before identifier 'SRWLock'
1>c:\winddk\7600.16385.1\inc\api\winbase.h(454) : error C2491: 'TryAcquireSRWLockExclusive' : definition of dllimport data not allowed
1>c:\winddk\7600.16385.1\inc\api\winbase.h(454) : error C2440: 'initializing' : cannot convert from 'int *' to 'BOOLEAN'
1>c:\winddk\7600.16385.1\inc\api\winbase.h(454) : error C2059: syntax error : ')'
1>c:\winddk\7600.16385.1\inc\api\winbase.h(461) : error C2146: syntax error : missing ')' before identifier 'SRWLock'
1>c:\winddk\7600.16385.1\inc\api\winbase.h(461) : error C2491: 'TryAcquireSRWLockShared' : definition of dllimport data not allowed
1>c:\winddk\7600.16385.1\inc\api\winbase.h(461) : error C2440: 'initializing' : cannot convert from 'int *' to 'BOOLEAN'
1>c:\winddk\7600.16385.1\inc\api\winbase.h(461) : error C2059: syntax error : ')'
1>c:\winddk\7600.16385.1\inc\api\winbase.h(467) : error C2146: syntax error : missing ';' before identifier 'CONDITION_VARIABLE'
1>c:\winddk\7600.16385.1\inc\api\winbase.h(474) : error C2146: syntax error : missing ')' before identifier 'ConditionVariable'
1>c:\winddk\7600.16385.1\inc\api\winbase.h(474) : error C2182: 'InitializeConditionVariable' : illegal use of type 'void'
1>c:\winddk\7600.16385.1\inc\api\winbase.h(474) : error C2491: 'InitializeConditionVariable' : definition of dllimport data not allowed
1>c:\winddk\7600.16385.1\inc\api\winbase.h(474) : error C2440: 'initializing' : cannot convert from 'int *' to 'int'
1>c:\winddk\7600.16385.1\inc\api\winbase.h(474) : error C2059: syntax error : ')'
1>c:\winddk\7600.16385.1\inc\api\winbase.h(481) : error C2146: syntax error : missing ')' before identifier 'ConditionVariable'
1>c:\winddk\7600.16385.1\inc\api\winbase.h(481) : error C2182: 'WakeConditionVariable' : illegal use of type 'void'
1>c:\winddk\7600.16385.1\inc\api\winbase.h(481) : error C2491: 'WakeConditionVariable' : definition of dllimport data not allowed
1>c:\winddk\7600.16385.1\inc\api\winbase.h(481) : error C2440: 'initializing' : cannot convert from 'int *' to 'int'
1>c:\winddk\7600.16385.1\inc\api\winbase.h(481) : error C2059: syntax error : ')'
1>c:\winddk\7600.16385.1\inc\api\winbase.h(488) : error C2146: syntax error : missing ')' before identifier 'ConditionVariable'
1>c:\winddk\7600.16385.1\inc\api\winbase.h(488) : error C2182: 'WakeAllConditionVariable' : illegal use of type 'void'
1>c:\winddk\7600.16385.1\inc\api\winbase.h(488) : error C2491: 'WakeAllConditionVariable' : definition of dllimport data not allowed
1>c:\winddk\7600.16385.1\inc\api\winbase.h(488) : error C2440: 'initializing' : cannot convert from 'int *' to 'int'
1>c:\winddk\7600.16385.1\inc\api\winbase.h(488) : error C2059: syntax error : ')'
1>c:\winddk\7600.16385.1\inc\api\winbase.h(494) : error C2146: syntax error : missing ')' before identifier 'ConditionVariable'
1>c:\winddk\7600.16385.1\inc\api\winbase.h(494) : error C2491: 'SleepConditionVariableCS' : definition of dllimport data not allowed
1>c:\winddk\7600.16385.1\inc\api\winbase.h(494) : error C2440: 'initializing' : cannot convert from 'int *' to 'BOOL'
1>c:\winddk\7600.16385.1\inc\api\winbase.h(497) : error C2059: syntax error : ')'
1>c:\winddk\7600.16385.1\inc\api\winbase.h(503) : error C2146: syntax error : missing ')' before identifier 'ConditionVariable'
1>c:\winddk\7600.16385.1\inc\api\winbase.h(503) : error C2491: 'SleepConditionVariableSRW' : definition of dllimport data not allowed
1>c:\winddk\7600.16385.1\inc\api\winbase.h(503) : error C2440: 'initializing' : cannot convert from 'int *' to 'BOOL'
1>c:\winddk\7600.16385.1\inc\api\winbase.h(507) : error C2059: syntax error : ')'
1>c:\winddk\7600.16385.1\inc\api\winbase.h(554) : error C2146: syntax error : missing ';' before identifier 'LPLDT_ENTRY'
1>c:\winddk\7600.16385.1\inc\api\winbase.h(2288) : error C2373: '_InterlockedIncrement' : redefinition; different type modifiers
1>c:\winddk\7600.16385.1\inc\api\winbase.h(2295) : error C2373: '_InterlockedDecrement' : redefinition; different type modifiers
1>c:\winddk\7600.16385.1\inc\api\winbase.h(2303) : error C2373: '_InterlockedExchange' : redefinition; different type modifiers
1>c:\winddk\7600.16385.1\inc\api\winbase.h(2314) : error C2373: '_InterlockedExchangeAdd' : redefinition; different type modifiers
1>c:\winddk\7600.16385.1\inc\api\winbase.h(2319) : error C2059: syntax error : '('
1>c:\winddk\7600.16385.1\inc\api\winbase.h(2522) : error C2375: 'InitializeSListHead' : redefinition; different linkage
1>c:\winddk\7600.16385.1\inc\api\winbase.h(2529) : error C2373: 'InterlockedPopEntrySList' : redefinition; different type modifiers
1>c:\winddk\7600.16385.1\inc\api\winbase.h(2537) : error C2373: 'InterlockedPushEntrySList' : redefinition; different type modifiers
1>c:\winddk\7600.16385.1\inc\api\winbase.h(2544) : error C2373: 'ExInterlockedFlushSList' : redefinition; different type modifiers
1>c:\winddk\7600.16385.1\inc\api\winbase.h(2551) : error C2059: syntax error : '('
1>c:\winddk\7600.16385.1\inc\api\winbase.h(2967) : error C2061: syntax error : identifier 'PMEMORY_BASIC_INFORMATION'
1>c:\winddk\7600.16385.1\inc\api\winbase.h(3091) : error C2061: syntax error : identifier 'PMEMORY_BASIC_INFORMATION'
1>c:\winddk\7600.16385.1\inc\api\winbase.h(3236) : error C2061: syntax error : identifier 'HEAP_INFORMATION_CLASS'
1>c:\winddk\7600.16385.1\inc\api\winbase.h(3246) : error C2061: syntax error : identifier 'HEAP_INFORMATION_CLASS'
1>c:\winddk\7600.16385.1\inc\api\winbase.h(4189) : error C2061: syntax error : identifier 'LPLDT_ENTRY'
1>c:\winddk\7600.16385.1\inc\api\winbase.h(4465) : error C2061: syntax error : identifier 'PWOW64_CONTEXT'
1>c:\winddk\7600.16385.1\inc\api\winbase.h(4486) : error C2143: syntax error : missing ',' before '*'
1>c:\winddk\7600.16385.1\inc\api\winbase.h(4519) : error C2065: 'PAPCFUNC' : undeclared identifier
1>c:\winddk\7600.16385.1\inc\api\winbase.h(4519) : error C2146: syntax error : missing ')' before identifier 'pfnAPC'
1>c:\winddk\7600.16385.1\inc\api\winbase.h(4519) : error C2491: 'QueueUserAPC' : definition of dllimport data not allowed
1>c:\winddk\7600.16385.1\inc\api\winbase.h(4522) : error C2059: syntax error : ')'
1>c:\winddk\7600.16385.1\inc\api\winbase.h(6286) : error C2065: 'PFLS_CALLBACK_FUNCTION' : undeclared identifier
1>c:\winddk\7600.16385.1\inc\api\winbase.h(6287) : error C2146: syntax error : missing ')' before identifier 'lpCallback'
1>c:\winddk\7600.16385.1\inc\api\winbase.h(6287) : error C2491: 'FlsAlloc' : definition of dllimport data not allowed
1>c:\winddk\7600.16385.1\inc\api\winbase.h(6287) : error C2059: syntax error : ')'
1>c:\winddk\7600.16385.1\inc\api\winbase.h(10837) : error C2061: syntax error : identifier 'POBJECT_TYPE_LIST'
1>c:\winddk\7600.16385.1\inc\api\winbase.h(10854) : error C2061: syntax error : identifier 'POBJECT_TYPE_LIST'
1>c:\winddk\7600.16385.1\inc\api\winbase.h(10891) : error C2061: syntax error : identifier 'TOKEN_INFORMATION_CLASS'
1>c:\winddk\7600.16385.1\inc\api\winbase.h(10903) : error C2061: syntax error : identifier 'TOKEN_INFORMATION_CLASS'
1>c:\winddk\7600.16385.1\inc\api\winbase.h(10915) : error C2061: syntax error : identifier 'PTOKEN_PRIVILEGES'
1>c:\winddk\7600.16385.1\inc\api\winbase.h(10928) : error C2061: syntax error : identifier 'PTOKEN_GROUPS'
1>c:\winddk\7600.16385.1\inc\api\winbase.h(10996) : error C2061: syntax error : identifier 'AUDIT_EVENT_TYPE'
1>c:\winddk\7600.16385.1\inc\api\winbase.h(11017) : error C2061: syntax error : identifier 'AUDIT_EVENT_TYPE'
1>c:\winddk\7600.16385.1\inc\api\winbase.h(11044) : error C2061: syntax error : identifier 'AUDIT_EVENT_TYPE'
1>c:\winddk\7600.16385.1\inc\api\winbase.h(11065) : error C2061: syntax error : identifier 'AUDIT_EVENT_TYPE'
1>c:\winddk\7600.16385.1\inc\api\winbase.h(11093) : error C2061: syntax error : identifier 'AUDIT_EVENT_TYPE'
1>c:\winddk\7600.16385.1\inc\api\winbase.h(11115) : error C2061: syntax error : identifier 'AUDIT_EVENT_TYPE'
1>c:\winddk\7600.16385.1\inc\api\winbase.h(11356) : error C2065: 'PSID_IDENTIFIER_AUTHORITY' : undeclared identifier
1>c:\winddk\7600.16385.1\inc\api\winbase.h(11356) : error C1003: error count exceeds 100; stopping compilation
1>link : error LNK1181: cannot open input file 'c:\tiny\hellosys\objchk_wxp_x86\i386\enum_device.obj'
