BUILD: Computing Include file dependencies:
BUILD: Examining c:\tiny\hellosys directory for files to compile.
oacr invalidate root:x86chk /autocleanqueue
1>Compiling and Linking c:\tiny\hellosys *************
1>'nmake.exe /nologo BUILDMSG=Stop. -i BUILD_PASS=PASS2 LINKONLY=1 NOPASS0=1 MAKEDIR_RELATIVE_TO_BASEDIR='
1>c:\tiny\hellosys: TARGETPATH is obj
1>BUILDMSG: _NT_TARGET_VERSION SET TO WINXP
1> C:\WinDDK\7600.16385.1\Bin\x86\oacr\oacrcl @c:\tiny\hellosys\objchk_wxp_x86\i386\cl.rsp
1>Microsoft (R) 32-bit C/C++ Optimizing Compiler Version 15.00.30729.207 for 80x86
1>Copyright (C) Microsoft Corporation.  All rights reserved.
1>cl /Fo"c:\tiny\hellosys\objchk_wxp_x86\i386/"
1> /FC
1> /Ii386
1> /I.
1> /Ic:\tiny\hellosys\objchk_wxp_x86\i386
1> /IC:\WinDDK\7600.16385.1\inc\api
1> /IC:\WinDDK\7600.16385.1\inc\api
1> /IC:\WinDDK\7600.16385.1\inc\ddk
1> /IC:\WinDDK\7600.16385.1\inc\ddk
1> /IC:\WinDDK\7600.16385.1\inc\crt
1> /D_X86_=1
1> /Di386=1
1> /DSTD_CALL
1> /DCONDITION_HANDLING=1
1> /DNT_UP=1
1> /DNT_INST=0
1> /DWIN32=100
1> /D_NT1X_=100
1> /DWINNT=1
1> /D_WIN32_WINNT=0x0501
1> /DWINVER=0x0501
1> /D_WIN32_IE=0x0603
1> /DWIN32_LEAN_AND_MEAN=1
1> /DDEVL=1
1> /DDBG=1
1> /D__BUILDMACHINE__=WinDDK
1> /DFPO=0
1> /D_DLL=1
1> /DNDEBUG
1> /DDEPRECATE_DDK_FUNCTIONS=1
1> /DMSC_NOOPT
1> /DNTDDI_VERSION=0x05010200
1> /c
1> /Zc:wchar_t-
1> /Zl
1> /Zp8
1> /Gy
1> /Gm-
1> -cbstring
1> /W3
1> /Gz
1> /hotpatch
1> /EHs-c-
1> /GR-
1> /GF
1> /GS
1> /Zi
1> /Od
1> /Oi
1> /Oy-
1> /Zi
1> /Fdc:\tiny\hellosys\objchk_wxp_x86\i386\
1> /DKMDF_MAJOR_VERSION_STRING=01
1> /DKMDF_MINOR_VERSION_STRING=009
1> /wd4603
1> /wd4627
1> /typedil-
1> /FIC:\WinDDK\7600.16385.1\inc\api\warning.h
1> .\enum_device.cpp 
1>enum_device.cpp
1>c:\winddk\7600.16385.1\inc\api\winbase.h(318) : error C2146: syntax error : missing ';' before identifier 'CRITICAL_SECTION'
1>errors in directory c:\tiny\hellosys
1>c:\winddk\7600.16385.1\inc\api\winbase.h(318) : error C2146: syntax error : missing ';' before identifier 'CRITICAL_SECTION'
1>c:\winddk\7600.16385.1\inc\api\winbase.h(319) : error C2146: syntax error : missing ';' before identifier 'PCRITICAL_SECTION'
1>c:\winddk\7600.16385.1\inc\api\winbase.h(319) : error C2146: syntax error : missing ';' before identifier 'PCRITICAL_SECTION'
1>c:\winddk\7600.16385.1\inc\api\winbase.h(322) : error C2146: syntax error : missing ';' before identifier 'CRITICAL_SECTION_DEBUG'
1>c:\winddk\7600.16385.1\inc\api\winbase.h(322) : error C2146: syntax error : missing ';' before identifier 'CRITICAL_SECTION_DEBUG'
1>c:\winddk\7600.16385.1\inc\api\winbase.h(323) : error C2146: syntax error : missing ';' before identifier 'PCRITICAL_SECTION_DEBUG'
1>c:\winddk\7600.16385.1\inc\api\winbase.h(323) : error C2146: syntax error : missing ';' before identifier 'PCRITICAL_SECTION_DEBUG'
1>c:\winddk\7600.16385.1\inc\api\winbase.h(410) : error C2146: syntax error : missing ';' before identifier 'SRWLOCK'
1>c:\winddk\7600.16385.1\inc\api\winbase.h(410) : error C2146: syntax error : missing ';' before identifier 'SRWLOCK'
1>c:\winddk\7600.16385.1\inc\api\winbase.h(419) : error C2146: syntax error : missing ')' before identifier 'SRWLock'
1>c:\winddk\7600.16385.1\inc\api\winbase.h(419) : error C2146: syntax error : missing ')' before identifier 'SRWLock'
1>c:\winddk\7600.16385.1\inc\api\winbase.h(419) : warning C4229: anachronism used : modifiers on data are ignored
1>warnings in directory c:\tiny\hellosys
1>c:\winddk\7600.16385.1\inc\api\winbase.h(419) : warning C4229: anachronism used : modifiers on data are ignored
1>c:\winddk\7600.16385.1\inc\api\winbase.h(419) : error C2182: 'InitializeSRWLock' : illegal use of type 'void'
1>c:\winddk\7600.16385.1\inc\api\winbase.h(419) : error C2182: 'InitializeSRWLock' : illegal use of type 'void'
1>c:\winddk\7600.16385.1\inc\api\winbase.h(419) : error C2491: 'InitializeSRWLock' : definition of dllimport data not allowed
1>c:\winddk\7600.16385.1\inc\api\winbase.h(419) : error C2491: 'InitializeSRWLock' : definition of dllimport data not allowed
1>c:\winddk\7600.16385.1\inc\api\winbase.h(419) : error C2440: 'initializing' : cannot convert from 'int *' to 'int'
1>c:\winddk\7600.16385.1\inc\api\winbase.h(419) : error C2440: 'initializing' : cannot convert from 'int *' to 'int'
1> There is no context in which this conversion is possible
1>c:\winddk\7600.16385.1\inc\api\winbase.h(419) : error C2059: syntax error : ')'
1>c:\winddk\7600.16385.1\inc\api\winbase.h(419) : error C2059: syntax error : ')'
1>c:\winddk\7600.16385.1\inc\api\winbase.h(426) : error C2146: syntax error : missing ')' before identifier 'SRWLock'
1>c:\winddk\7600.16385.1\inc\api\winbase.h(426) : error C2146: syntax error : missing ')' before identifier 'SRWLock'
1>c:\winddk\7600.16385.1\inc\api\winbase.h(426) : warning C4229: anachronism used : modifiers on data are ignored
1>c:\winddk\7600.16385.1\inc\api\winbase.h(426) : warning C4229: anachronism used : modifiers on data are ignored
1>c:\winddk\7600.16385.1\inc\api\winbase.h(426) : error C2182: 'ReleaseSRWLockExclusive' : illegal use of type 'void'
1>c:\winddk\7600.16385.1\inc\api\winbase.h(426) : error C2182: 'ReleaseSRWLockExclusive' : illegal use of type 'void'
1>c:\winddk\7600.16385.1\inc\api\winbase.h(426) : error C2491: 'ReleaseSRWLockExclusive' : definition of dllimport data not allowed
1>c:\winddk\7600.16385.1\inc\api\winbase.h(426) : error C2491: 'ReleaseSRWLockExclusive' : definition of dllimport data not allowed
1>c:\winddk\7600.16385.1\inc\api\winbase.h(426) : error C2440: 'initializing' : cannot convert from 'int *' to 'int'
1>c:\winddk\7600.16385.1\inc\api\winbase.h(426) : error C2440: 'initializing' : cannot convert from 'int *' to 'int'
1> There is no context in which this conversion is possible
1>c:\winddk\7600.16385.1\inc\api\winbase.h(426) : error C2059: syntax error : ')'
1>c:\winddk\7600.16385.1\inc\api\winbase.h(426) : error C2059: syntax error : ')'
1>c:\winddk\7600.16385.1\inc\api\winbase.h(433) : error C2146: syntax error : missing ')' before identifier 'SRWLock'
1>c:\winddk\7600.16385.1\inc\api\winbase.h(433) : error C2146: syntax error : missing ')' before identifier 'SRWLock'
1>c:\winddk\7600.16385.1\inc\api\winbase.h(433) : warning C4229: anachronism used : modifiers on data are ignored
1>c:\winddk\7600.16385.1\inc\api\winbase.h(433) : warning C4229: anachronism used : modifiers on data are ignored
1>c:\winddk\7600.16385.1\inc\api\winbase.h(433) : error C2182: 'ReleaseSRWLockShared' : illegal use of type 'void'
1>c:\winddk\7600.16385.1\inc\api\winbase.h(433) : error C2182: 'ReleaseSRWLockShared' : illegal use of type 'void'
1>c:\winddk\7600.16385.1\inc\api\winbase.h(433) : error C2491: 'ReleaseSRWLockShared' : definition of dllimport data not allowed
1>c:\winddk\7600.16385.1\inc\api\winbase.h(433) : error C2491: 'ReleaseSRWLockShared' : definition of dllimport data not allowed
1>c:\winddk\7600.16385.1\inc\api\winbase.h(433) : error C2440: 'initializing' : cannot convert from 'int *' to 'int'
1>c:\winddk\7600.16385.1\inc\api\winbase.h(433) : error C2440: 'initializing' : cannot convert from 'int *' to 'int'
1> There is no context in which this conversion is possible
1>c:\winddk\7600.16385.1\inc\api\winbase.h(433) : error C2059: syntax error : ')'
1>c:\winddk\7600.16385.1\inc\api\winbase.h(433) : error C2059: syntax error : ')'
1>c:\winddk\7600.16385.1\inc\api\winbase.h(440) : error C2146: syntax error : missing ')' before identifier 'SRWLock'
1>c:\winddk\7600.16385.1\inc\api\winbase.h(440) : error C2146: syntax error : missing ')' before identifier 'SRWLock'
1>c:\winddk\7600.16385.1\inc\api\winbase.h(440) : warning C4229: anachronism used : modifiers on data are ignored
1>c:\winddk\7600.16385.1\inc\api\winbase.h(440) : warning C4229: anachronism used : modifiers on data are ignored
1>c:\winddk\7600.16385.1\inc\api\winbase.h(440) : error C2182: 'AcquireSRWLockExclusive' : illegal use of type 'void'
1>c:\winddk\7600.16385.1\inc\api\winbase.h(440) : error C2182: 'AcquireSRWLockExclusive' : illegal use of type 'void'
1>c:\winddk\7600.16385.1\inc\api\winbase.h(440) : error C2491: 'AcquireSRWLockExclusive' : definition of dllimport data not allowed
1>c:\winddk\7600.16385.1\inc\api\winbase.h(440) : error C2491: 'AcquireSRWLockExclusive' : definition of dllimport data not allowed
1>c:\winddk\7600.16385.1\inc\api\winbase.h(440) : error C2440: 'initializing' : cannot convert from 'int *' to 'int'
1>c:\winddk\7600.16385.1\inc\api\winbase.h(440) : error C2440: 'initializing' : cannot convert from 'int *' to 'int'
1> There is no context in which this conversion is possible
1>c:\winddk\7600.16385.1\inc\api\winbase.h(440) : error C2059: syntax error : ')'
1>c:\winddk\7600.16385.1\inc\api\winbase.h(440) : error C2059: syntax error : ')'
1>c:\winddk\7600.16385.1\inc\api\winbase.h(447) : error C2146: syntax error : missing ')' before identifier 'SRWLock'
1>c:\winddk\7600.16385.1\inc\api\winbase.h(447) : error C2146: syntax error : missing ')' before identifier 'SRWLock'
1>c:\winddk\7600.16385.1\inc\api\winbase.h(447) : warning C4229: anachronism used : modifiers on data are ignored
1>c:\winddk\7600.16385.1\inc\api\winbase.h(447) : warning C4229: anachronism used : modifiers on data are ignored
1>c:\winddk\7600.16385.1\inc\api\winbase.h(447) : error C2182: 'AcquireSRWLockShared' : illegal use of type 'void'
1>c:\winddk\7600.16385.1\inc\api\winbase.h(447) : error C2182: 'AcquireSRWLockShared' : illegal use of type 'void'
1>c:\winddk\7600.16385.1\inc\api\winbase.h(447) : error C2491: 'AcquireSRWLockShared' : definition of dllimport data not allowed
1>c:\winddk\7600.16385.1\inc\api\winbase.h(447) : error C2491: 'AcquireSRWLockShared' : definition of dllimport data not allowed
1>c:\winddk\7600.16385.1\inc\api\winbase.h(447) : error C2440: 'initializing' : cannot convert from 'int *' to 'int'
1>c:\winddk\7600.16385.1\inc\api\winbase.h(447) : error C2440: 'initializing' : cannot convert from 'int *' to 'int'
1> There is no context in which this conversion is possible
1>c:\winddk\7600.16385.1\inc\api\winbase.h(447) : error C2059: syntax error : ')'
1>c:\winddk\7600.16385.1\inc\api\winbase.h(447) : error C2059: syntax error : ')'
1>c:\winddk\7600.16385.1\inc\api\winbase.h(454) : error C2146: syntax error : missing ')' before identifier 'SRWLock'
1>c:\winddk\7600.16385.1\inc\api\winbase.h(454) : error C2146: syntax error : missing ')' before identifier 'SRWLock'
1>c:\winddk\7600.16385.1\inc\api\winbase.h(454) : warning C4229: anachronism used : modifiers on data are ignored
1>c:\winddk\7600.16385.1\inc\api\winbase.h(454) : warning C4229: anachronism used : modifiers on data are ignored
1>c:\winddk\7600.16385.1\inc\api\winbase.h(454) : error C2491: 'TryAcquireSRWLockExclusive' : definition of dllimport data not allowed
1>c:\winddk\7600.16385.1\inc\api\winbase.h(454) : error C2491: 'TryAcquireSRWLockExclusive' : definition of dllimport data not allowed
1>c:\winddk\7600.16385.1\inc\api\winbase.h(454) : error C2440: 'initializing' : cannot convert from 'int *' to 'BOOLEAN'
1>c:\winddk\7600.16385.1\inc\api\winbase.h(454) : error C2440: 'initializing' : cannot convert from 'int *' to 'BOOLEAN'
1> There is no context in which this conversion is possible
1>c:\winddk\7600.16385.1\inc\api\winbase.h(454) : error C2059: syntax error : ')'
1>c:\winddk\7600.16385.1\inc\api\winbase.h(454) : error C2059: syntax error : ')'
1>c:\winddk\7600.16385.1\inc\api\winbase.h(461) : error C2146: syntax error : missing ')' before identifier 'SRWLock'
1>c:\winddk\7600.16385.1\inc\api\winbase.h(461) : error C2146: syntax error : missing ')' before identifier 'SRWLock'
1>c:\winddk\7600.16385.1\inc\api\winbase.h(461) : warning C4229: anachronism used : modifiers on data are ignored
1>c:\winddk\7600.16385.1\inc\api\winbase.h(461) : warning C4229: anachronism used : modifiers on data are ignored
1>c:\winddk\7600.16385.1\inc\api\winbase.h(461) : error C2491: 'TryAcquireSRWLockShared' : definition of dllimport data not allowed
1>c:\winddk\7600.16385.1\inc\api\winbase.h(461) : error C2491: 'TryAcquireSRWLockShared' : definition of dllimport data not allowed
1>c:\winddk\7600.16385.1\inc\api\winbase.h(461) : error C2440: 'initializing' : cannot convert from 'int *' to 'BOOLEAN'
1>c:\winddk\7600.16385.1\inc\api\winbase.h(461) : error C2440: 'initializing' : cannot convert from 'int *' to 'BOOLEAN'
1> There is no context in which this conversion is possible
1>c:\winddk\7600.16385.1\inc\api\winbase.h(461) : error C2059: syntax error : ')'
1>c:\winddk\7600.16385.1\inc\api\winbase.h(461) : error C2059: syntax error : ')'
1>c:\winddk\7600.16385.1\inc\api\winbase.h(467) : error C2146: syntax error : missing ';' before identifier 'CONDITION_VARIABLE'
1>c:\winddk\7600.16385.1\inc\api\winbase.h(467) : error C2146: syntax error : missing ';' before identifier 'CONDITION_VARIABLE'
1>c:\winddk\7600.16385.1\inc\api\winbase.h(474) : error C2146: syntax error : missing ')' before identifier 'ConditionVariable'
1>c:\winddk\7600.16385.1\inc\api\winbase.h(474) : error C2146: syntax error : missing ')' before identifier 'ConditionVariable'
1>c:\winddk\7600.16385.1\inc\api\winbase.h(474) : warning C4229: anachronism used : modifiers on data are ignored
1>c:\winddk\7600.16385.1\inc\api\winbase.h(474) : warning C4229: anachronism used : modifiers on data are ignored
1>c:\winddk\7600.16385.1\inc\api\winbase.h(474) : error C2182: 'InitializeConditionVariable' : illegal use of type 'void'
1>c:\winddk\7600.16385.1\inc\api\winbase.h(474) : error C2182: 'InitializeConditionVariable' : illegal use of type 'void'
1>c:\winddk\7600.16385.1\inc\api\winbase.h(474) : error C2491: 'InitializeConditionVariable' : definition of dllimport data not allowed
1>c:\winddk\7600.16385.1\inc\api\winbase.h(474) : error C2491: 'InitializeConditionVariable' : definition of dllimport data not allowed
1>c:\winddk\7600.16385.1\inc\api\winbase.h(474) : error C2440: 'initializing' : cannot convert from 'int *' to 'int'
1>c:\winddk\7600.16385.1\inc\api\winbase.h(474) : error C2440: 'initializing' : cannot convert from 'int *' to 'int'
1> There is no context in which this conversion is possible
1>c:\winddk\7600.16385.1\inc\api\winbase.h(474) : error C2059: syntax error : ')'
1>c:\winddk\7600.16385.1\inc\api\winbase.h(474) : error C2059: syntax error : ')'
1>c:\winddk\7600.16385.1\inc\api\winbase.h(481) : error C2146: syntax error : missing ')' before identifier 'ConditionVariable'
1>c:\winddk\7600.16385.1\inc\api\winbase.h(481) : error C2146: syntax error : missing ')' before identifier 'ConditionVariable'
1>c:\winddk\7600.16385.1\inc\api\winbase.h(481) : warning C4229: anachronism used : modifiers on data are ignored
1>c:\winddk\7600.16385.1\inc\api\winbase.h(481) : warning C4229: anachronism used : modifiers on data are ignored
1>c:\winddk\7600.16385.1\inc\api\winbase.h(481) : error C2182: 'WakeConditionVariable' : illegal use of type 'void'
1>c:\winddk\7600.16385.1\inc\api\winbase.h(481) : error C2182: 'WakeConditionVariable' : illegal use of type 'void'
1>c:\winddk\7600.16385.1\inc\api\winbase.h(481) : error C2491: 'WakeConditionVariable' : definition of dllimport data not allowed
1>c:\winddk\7600.16385.1\inc\api\winbase.h(481) : error C2491: 'WakeConditionVariable' : definition of dllimport data not allowed
1>c:\winddk\7600.16385.1\inc\api\winbase.h(481) : error C2440: 'initializing' : cannot convert from 'int *' to 'int'
1>c:\winddk\7600.16385.1\inc\api\winbase.h(481) : error C2440: 'initializing' : cannot convert from 'int *' to 'int'
1> There is no context in which this conversion is possible
1>c:\winddk\7600.16385.1\inc\api\winbase.h(481) : error C2059: syntax error : ')'
1>c:\winddk\7600.16385.1\inc\api\winbase.h(481) : error C2059: syntax error : ')'
1>c:\winddk\7600.16385.1\inc\api\winbase.h(488) : error C2146: syntax error : missing ')' before identifier 'ConditionVariable'
1>c:\winddk\7600.16385.1\inc\api\winbase.h(488) : error C2146: syntax error : missing ')' before identifier 'ConditionVariable'
1>c:\winddk\7600.16385.1\inc\api\winbase.h(488) : warning C4229: anachronism used : modifiers on data are ignored
1>c:\winddk\7600.16385.1\inc\api\winbase.h(488) : warning C4229: anachronism used : modifiers on data are ignored
1>c:\winddk\7600.16385.1\inc\api\winbase.h(488) : error C2182: 'WakeAllConditionVariable' : illegal use of type 'void'
1>c:\winddk\7600.16385.1\inc\api\winbase.h(488) : error C2182: 'WakeAllConditionVariable' : illegal use of type 'void'
1>c:\winddk\7600.16385.1\inc\api\winbase.h(488) : error C2491: 'WakeAllConditionVariable' : definition of dllimport data not allowed
1>c:\winddk\7600.16385.1\inc\api\winbase.h(488) : error C2491: 'WakeAllConditionVariable' : definition of dllimport data not allowed
1>c:\winddk\7600.16385.1\inc\api\winbase.h(488) : error C2440: 'initializing' : cannot convert from 'int *' to 'int'
1>c:\winddk\7600.16385.1\inc\api\winbase.h(488) : error C2440: 'initializing' : cannot convert from 'int *' to 'int'
1> There is no context in which this conversion is possible
1>c:\winddk\7600.16385.1\inc\api\winbase.h(488) : error C2059: syntax error : ')'
1>c:\winddk\7600.16385.1\inc\api\winbase.h(488) : error C2059: syntax error : ')'
1>c:\winddk\7600.16385.1\inc\api\winbase.h(494) : error C2146: syntax error : missing ')' before identifier 'ConditionVariable'
1>c:\winddk\7600.16385.1\inc\api\winbase.h(494) : error C2146: syntax error : missing ')' before identifier 'ConditionVariable'
1>c:\winddk\7600.16385.1\inc\api\winbase.h(494) : warning C4229: anachronism used : modifiers on data are ignored
1>c:\winddk\7600.16385.1\inc\api\winbase.h(494) : warning C4229: anachronism used : modifiers on data are ignored
1>c:\winddk\7600.16385.1\inc\api\winbase.h(494) : error C2491: 'SleepConditionVariableCS' : definition of dllimport data not allowed
1>c:\winddk\7600.16385.1\inc\api\winbase.h(494) : error C2491: 'SleepConditionVariableCS' : definition of dllimport data not allowed
1>c:\winddk\7600.16385.1\inc\api\winbase.h(494) : error C2440: 'initializing' : cannot convert from 'int *' to 'BOOL'
1>c:\winddk\7600.16385.1\inc\api\winbase.h(494) : error C2440: 'initializing' : cannot convert from 'int *' to 'BOOL'
1> There is no context in which this conversion is possible
1>c:\winddk\7600.16385.1\inc\api\winbase.h(497) : error C2059: syntax error : ')'
1>c:\winddk\7600.16385.1\inc\api\winbase.h(497) : error C2059: syntax error : ')'
1>c:\winddk\7600.16385.1\inc\api\winbase.h(503) : error C2146: syntax error : missing ')' before identifier 'ConditionVariable'
1>c:\winddk\7600.16385.1\inc\api\winbase.h(503) : error C2146: syntax error : missing ')' before identifier 'ConditionVariable'
1>c:\winddk\7600.16385.1\inc\api\winbase.h(503) : warning C4229: anachronism used : modifiers on data are ignored
1>c:\winddk\7600.16385.1\inc\api\winbase.h(503) : warning C4229: anachronism used : modifiers on data are ignored
1>c:\winddk\7600.16385.1\inc\api\winbase.h(503) : error C2491: 'SleepConditionVariableSRW' : definition of dllimport data not allowed
1>c:\winddk\7600.16385.1\inc\api\winbase.h(503) : error C2491: 'SleepConditionVariableSRW' : definition of dllimport data not allowed
1>c:\winddk\7600.16385.1\inc\api\winbase.h(503) : error C2440: 'initializing' : cannot convert from 'int *' to 'BOOL'
1>c:\winddk\7600.16385.1\inc\api\winbase.h(503) : error C2440: 'initializing' : cannot convert from 'int *' to 'BOOL'
1> There is no context in which this conversion is possible
1>c:\winddk\7600.16385.1\inc\api\winbase.h(507) : error C2059: syntax error : ')'
1>c:\winddk\7600.16385.1\inc\api\winbase.h(507) : error C2059: syntax error : ')'
1>c:\winddk\7600.16385.1\inc\api\winbase.h(554) : error C2146: syntax error : missing ';' before identifier 'LPLDT_ENTRY'
1>c:\winddk\7600.16385.1\inc\api\winbase.h(554) : error C2146: syntax error : missing ';' before identifier 'LPLDT_ENTRY'
1>c:\winddk\7600.16385.1\inc\api\winbase.h(2288) : error C2373: '_InterlockedIncrement' : redefinition; different type modifiers
1>c:\winddk\7600.16385.1\inc\api\winbase.h(2288) : error C2373: '_InterlockedIncrement' : redefinition; different type modifiers
1> c:\winddk\7600.16385.1\inc\ddk\wdm.h(12313) : see declaration of '_InterlockedIncrement'
1>c:\winddk\7600.16385.1\inc\api\winbase.h(2295) : error C2373: '_InterlockedDecrement' : redefinition; different type modifiers
1>c:\winddk\7600.16385.1\inc\api\winbase.h(2295) : error C2373: '_InterlockedDecrement' : redefinition; different type modifiers
1> c:\winddk\7600.16385.1\inc\ddk\wdm.h(12326) : see declaration of '_InterlockedDecrement'
1>c:\winddk\7600.16385.1\inc\api\winbase.h(2303) : error C2373: '_InterlockedExchange' : redefinition; different type modifiers
1>c:\winddk\7600.16385.1\inc\api\winbase.h(2303) : error C2373: '_InterlockedExchange' : redefinition; different type modifiers
1> c:\winddk\7600.16385.1\inc\ddk\wdm.h(12286) : see declaration of '_InterlockedExchange'
1>c:\winddk\7600.16385.1\inc\api\winbase.h(2306) : warning C4005: 'InterlockedExchangePointer' : macro redefinition
1>c:\winddk\7600.16385.1\inc\api\winbase.h(2306) : warning C4005: 'InterlockedExchangePointer' : macro redefinition
1> c:\winddk\7600.16385.1\inc\ddk\wdm.h(12440) : see previous definition of 'InterlockedExchangePointer'
1>c:\winddk\7600.16385.1\inc\api\winbase.h(2314) : error C2373: '_InterlockedExchangeAdd' : redefinition; different type modifiers
1>c:\winddk\7600.16385.1\inc\api\winbase.h(2314) : error C2373: '_InterlockedExchangeAdd' : redefinition; different type modifiers
1> c:\winddk\7600.16385.1\inc\ddk\wdm.h(12339) : see declaration of '_InterlockedExchangeAdd'
1>c:\winddk\7600.16385.1\inc\api\winbase.h(2319) : error C2059: syntax error : '('
1>c:\winddk\7600.16385.1\inc\api\winbase.h(2319) : error C2059: syntax error : '('
1>c:\winddk\7600.16385.1\inc\api\winbase.h(2491) : warning C4005: 'InterlockedCompareExchangePointer' : macro redefinition
1>c:\winddk\7600.16385.1\inc\api\winbase.h(2491) : warning C4005: 'InterlockedCompareExchangePointer' : macro redefinition
1> c:\winddk\7600.16385.1\inc\ddk\wdm.h(12396) : see previous definition of 'InterlockedCompareExchangePointer'
1>c:\winddk\7600.16385.1\inc\api\winbase.h(2522) : error C2375: 'InitializeSListHead' : redefinition; different linkage
1>c:\winddk\7600.16385.1\inc\api\winbase.h(2522) : error C2375: 'InitializeSListHead' : redefinition; different linkage
1> c:\winddk\7600.16385.1\inc\ddk\wdm.h(16657) : see declaration of 'InitializeSListHead'
1>c:\winddk\7600.16385.1\inc\api\winbase.h(2529) : error C2373: 'InterlockedPopEntrySList' : redefinition; different type modifiers
1>c:\winddk\7600.16385.1\inc\api\winbase.h(2529) : error C2373: 'InterlockedPopEntrySList' : redefinition; different type modifiers
1> c:\winddk\7600.16385.1\inc\ddk\wdm.h(16878) : see declaration of 'InterlockedPopEntrySList'
1>c:\winddk\7600.16385.1\inc\api\winbase.h(2537) : error C2373: 'InterlockedPushEntrySList' : redefinition; different type modifiers
1>c:\winddk\7600.16385.1\inc\api\winbase.h(2537) : error C2373: 'InterlockedPushEntrySList' : redefinition; different type modifiers
1> c:\winddk\7600.16385.1\inc\ddk\wdm.h(16885) : see declaration of 'InterlockedPushEntrySList'
1>c:\winddk\7600.16385.1\inc\api\winbase.h(2544) : error C2373: 'ExInterlockedFlushSList' : redefinition; different type modifiers
1>c:\winddk\7600.16385.1\inc\api\winbase.h(2544) : error C2373: 'ExInterlockedFlushSList' : redefinition; different type modifiers
1> c:\winddk\7600.16385.1\inc\ddk\wdm.h(16869) : see declaration of 'ExInterlockedFlushSList'
1>c:\winddk\7600.16385.1\inc\api\winbase.h(2551) : error C2059: syntax error : '('
1>c:\winddk\7600.16385.1\inc\api\winbase.h(2551) : error C2059: syntax error : '('
1>c:\winddk\7600.16385.1\inc\api\winbase.h(2967) : error C2061: syntax error : identifier 'PMEMORY_BASIC_INFORMATION'
1>c:\winddk\7600.16385.1\inc\api\winbase.h(2967) : error C2061: syntax error : identifier 'PMEMORY_BASIC_INFORMATION'
1>c:\winddk\7600.16385.1\inc\api\winbase.h(3091) : error C2061: syntax error : identifier 'PMEMORY_BASIC_INFORMATION'
1>c:\winddk\7600.16385.1\inc\api\winbase.h(3091) : error C2061: syntax error : identifier 'PMEMORY_BASIC_INFORMATION'
1>c:\winddk\7600.16385.1\inc\api\winbase.h(3236) : error C2061: syntax error : identifier 'HEAP_INFORMATION_CLASS'
1>c:\winddk\7600.16385.1\inc\api\winbase.h(3236) : error C2061: syntax error : identifier 'HEAP_INFORMATION_CLASS'
1>c:\winddk\7600.16385.1\inc\api\winbase.h(3246) : error C2061: syntax error : identifier 'HEAP_INFORMATION_CLASS'
1>c:\winddk\7600.16385.1\inc\api\winbase.h(3246) : error C2061: syntax error : identifier 'HEAP_INFORMATION_CLASS'
1>c:\winddk\7600.16385.1\inc\api\winbase.h(4189) : error C2061: syntax error : identifier 'LPLDT_ENTRY'
1>c:\winddk\7600.16385.1\inc\api\winbase.h(4189) : error C2061: syntax error : identifier 'LPLDT_ENTRY'
1>c:\winddk\7600.16385.1\inc\api\winbase.h(4465) : error C2061: syntax error : identifier 'PWOW64_CONTEXT'
1>c:\winddk\7600.16385.1\inc\api\winbase.h(4465) : error C2061: syntax error : identifier 'PWOW64_CONTEXT'
1>c:\winddk\7600.16385.1\inc\api\winbase.h(4486) : error C2143: syntax error : missing ',' before '*'
1>c:\winddk\7600.16385.1\inc\api\winbase.h(4486) : error C2143: syntax error : missing ',' before '*'
1>c:\winddk\7600.16385.1\inc\api\winbase.h(4519) : error C2065: 'PAPCFUNC' : undeclared identifier
1>c:\winddk\7600.16385.1\inc\api\winbase.h(4519) : error C2065: 'PAPCFUNC' : undeclared identifier
1>c:\winddk\7600.16385.1\inc\api\winbase.h(4519) : error C2146: syntax error : missing ')' before identifier 'pfnAPC'
1>c:\winddk\7600.16385.1\inc\api\winbase.h(4519) : error C2146: syntax error : missing ')' before identifier 'pfnAPC'
1>c:\winddk\7600.16385.1\inc\api\winbase.h(4519) : warning C4229: anachronism used : modifiers on data are ignored
1>c:\winddk\7600.16385.1\inc\api\winbase.h(4519) : warning C4229: anachronism used : modifiers on data are ignored
1>c:\winddk\7600.16385.1\inc\api\winbase.h(4519) : error C2491: 'QueueUserAPC' : definition of dllimport data not allowed
1>c:\winddk\7600.16385.1\inc\api\winbase.h(4519) : error C2491: 'QueueUserAPC' : definition of dllimport data not allowed
1>c:\winddk\7600.16385.1\inc\api\winbase.h(4522) : error C2059: syntax error : ')'
1>c:\winddk\7600.16385.1\inc\api\winbase.h(4522) : error C2059: syntax error : ')'
1>c:\winddk\7600.16385.1\inc\api\winbase.h(6286) : error C2065: 'PFLS_CALLBACK_FUNCTION' : undeclared identifier
1>c:\winddk\7600.16385.1\inc\api\winbase.h(6286) : error C2065: 'PFLS_CALLBACK_FUNCTION' : undeclared identifier
1>c:\winddk\7600.16385.1\inc\api\winbase.h(6287) : error C2146: syntax error : missing ')' before identifier 'lpCallback'
1>c:\winddk\7600.16385.1\inc\api\winbase.h(6287) : error C2146: syntax error : missing ')' before identifier 'lpCallback'
1>c:\winddk\7600.16385.1\inc\api\winbase.h(6287) : warning C4229: anachronism used : modifiers on data are ignored
1>c:\winddk\7600.16385.1\inc\api\winbase.h(6287) : warning C4229: anachronism used : modifiers on data are ignored
1>c:\winddk\7600.16385.1\inc\api\winbase.h(6287) : error C2491: 'FlsAlloc' : definition of dllimport data not allowed
1>c:\winddk\7600.16385.1\inc\api\winbase.h(6287) : error C2491: 'FlsAlloc' : definition of dllimport data not allowed
1>c:\winddk\7600.16385.1\inc\api\winbase.h(6287) : error C2059: syntax error : ')'
1>c:\winddk\7600.16385.1\inc\api\winbase.h(6287) : error C2059: syntax error : ')'
1>c:\winddk\7600.16385.1\inc\api\winbase.h(10837) : error C2061: syntax error : identifier 'POBJECT_TYPE_LIST'
1>c:\winddk\7600.16385.1\inc\api\winbase.h(10837) : error C2061: syntax error : identifier 'POBJECT_TYPE_LIST'
1>c:\winddk\7600.16385.1\inc\api\winbase.h(10854) : error C2061: syntax error : identifier 'POBJECT_TYPE_LIST'
1>c:\winddk\7600.16385.1\inc\api\winbase.h(10854) : error C2061: syntax error : identifier 'POBJECT_TYPE_LIST'
1>c:\winddk\7600.16385.1\inc\api\winbase.h(10891) : error C2061: syntax error : identifier 'TOKEN_INFORMATION_CLASS'
1>c:\winddk\7600.16385.1\inc\api\winbase.h(10891) : error C2061: syntax error : identifier 'TOKEN_INFORMATION_CLASS'
1>c:\winddk\7600.16385.1\inc\api\winbase.h(10903) : error C2061: syntax error : identifier 'TOKEN_INFORMATION_CLASS'
1>c:\winddk\7600.16385.1\inc\api\winbase.h(10903) : error C2061: syntax error : identifier 'TOKEN_INFORMATION_CLASS'
1>c:\winddk\7600.16385.1\inc\api\winbase.h(10915) : error C2061: syntax error : identifier 'PTOKEN_PRIVILEGES'
1>c:\winddk\7600.16385.1\inc\api\winbase.h(10915) : error C2061: syntax error : identifier 'PTOKEN_PRIVILEGES'
1>c:\winddk\7600.16385.1\inc\api\winbase.h(10928) : error C2061: syntax error : identifier 'PTOKEN_GROUPS'
1>c:\winddk\7600.16385.1\inc\api\winbase.h(10928) : error C2061: syntax error : identifier 'PTOKEN_GROUPS'
1>c:\winddk\7600.16385.1\inc\api\winbase.h(10996) : error C2061: syntax error : identifier 'AUDIT_EVENT_TYPE'
1>c:\winddk\7600.16385.1\inc\api\winbase.h(10996) : error C2061: syntax error : identifier 'AUDIT_EVENT_TYPE'
1>c:\winddk\7600.16385.1\inc\api\winbase.h(11017) : error C2061: syntax error : identifier 'AUDIT_EVENT_TYPE'
1>c:\winddk\7600.16385.1\inc\api\winbase.h(11017) : error C2061: syntax error : identifier 'AUDIT_EVENT_TYPE'
1>c:\winddk\7600.16385.1\inc\api\winbase.h(11044) : error C2061: syntax error : identifier 'AUDIT_EVENT_TYPE'
1>c:\winddk\7600.16385.1\inc\api\winbase.h(11044) : error C2061: syntax error : identifier 'AUDIT_EVENT_TYPE'
1>c:\winddk\7600.16385.1\inc\api\winbase.h(11065) : error C2061: syntax error : identifier 'AUDIT_EVENT_TYPE'
1>c:\winddk\7600.16385.1\inc\api\winbase.h(11065) : error C2061: syntax error : identifier 'AUDIT_EVENT_TYPE'
1>c:\winddk\7600.16385.1\inc\api\winbase.h(11093) : error C2061: syntax error : identifier 'AUDIT_EVENT_TYPE'
1>c:\winddk\7600.16385.1\inc\api\winbase.h(11093) : error C2061: syntax error : identifier 'AUDIT_EVENT_TYPE'
1>c:\winddk\7600.16385.1\inc\api\winbase.h(11115) : error C2061: syntax error : identifier 'AUDIT_EVENT_TYPE'
1>c:\winddk\7600.16385.1\inc\api\winbase.h(11115) : error C2061: syntax error : identifier 'AUDIT_EVENT_TYPE'
1>c:\winddk\7600.16385.1\inc\api\winbase.h(11356) : error C2065: 'PSID_IDENTIFIER_AUTHORITY' : undeclared identifier
1>c:\winddk\7600.16385.1\inc\api\winbase.h(11356) : error C2065: 'PSID_IDENTIFIER_AUTHORITY' : undeclared identifier
1>c:\winddk\7600.16385.1\inc\api\winbase.h(11356) : fatal error C1003: error count exceeds 100; stopping compilation
1>c:\winddk\7600.16385.1\inc\api\winbase.h(11356) : error C1003: error count exceeds 100; stopping compilation
1> C:\WinDDK\7600.16385.1\Bin\x86\oacr\oacrlink /out:c:\tiny\hellosys\objchk_wxp_x86\i386\enum_device.sys /machine:ix86 @c:\tiny\hellosys\objchk_wxp_x86\i386\lnk.rsp
1>Microsoft (R) Incremental Linker Version 9.00.30729.207
1>Copyright (C) Microsoft Corporation.  All rights reserved.
1>/MERGE:_PAGE=PAGE 
1>/MERGE:_TEXT=.text 
1>/SECTION:INIT,d 
1>/OPT:REF 
1>/OPT:ICF 
1>/IGNORE:4198,4010,4037,4039,4065,4070,4078,4087,4089,4221 
1>/INCREMENTAL:NO 
1>/release 
1>/NODEFAULTLIB 
1>/WX 
1>/debug 
1>/debugtype:cv,fixup,pdata 
1>/version:6.1 
1>/osversion:6.1 
1>/functionpadmin:5 
1>/safeseh 
1>/pdbcompress 
1>/STACK:0x40000,0x1000 
1>/driver 
1>/base:0x10000 
1>/align:0x80 /stub:c:\winddk\7600.16385.1\lib\wxp\stub512.com 
1>/subsystem:native,5.01 
1>/entry:GsDriverEntry@8 
1>/out:c:\tiny\hellosys\objchk_wxp_x86\i386\enum_device.sys 
1>c:\tiny\hellosys\objchk_wxp_x86\i386\enum_device.obj 
1>c:\winddk\7600.16385.1\lib\wxp\i386\BufferOverflowK.lib 
1>c:\winddk\7600.16385.1\lib\wxp\i386\ntoskrnl.lib 
1>c:\winddk\7600.16385.1\lib\wxp\i386\hal.lib 
1>c:\winddk\7600.16385.1\lib\wxp\i386\wmilib.lib 
1>c:\winddk\7600.16385.1\lib\wxp\i386\sehupd.lib 
1>LINK : fatal error LNK1181: cannot open input file 'c:\tiny\hellosys\objchk_wxp_x86\i386\enum_device.obj'
1>link : error LNK1181: cannot open input file 'c:\tiny\hellosys\objchk_wxp_x86\i386\enum_device.obj'
